[debug] [2018-05-16T20:44:37.071Z] ----------------------------------------------------------------------
[debug] [2018-05-16T20:44:37.075Z] Command:       C:\Program Files\nodejs\node.exe C:\Users\efari\AppData\Roaming\npm\node_modules\firebase-tools\bin\firebase init
[debug] [2018-05-16T20:44:37.075Z] CLI Version:   3.18.4
[debug] [2018-05-16T20:44:37.076Z] Platform:      win32
[debug] [2018-05-16T20:44:37.076Z] Node Version:  v8.11.1
[debug] [2018-05-16T20:44:37.076Z] Time:          Wed May 16 2018 16:44:37 GMT-0400 (Eastern Daylight Time)
[debug] [2018-05-16T20:44:37.077Z] ----------------------------------------------------------------------
[debug] 
[debug] [2018-05-16T20:44:37.097Z] > command requires scopes: ["email","openid","https://www.googleapis.com/auth/cloudplatformprojects.readonly","https://www.googleapis.com/auth/firebase"]
[debug] [2018-05-16T20:44:37.099Z] > authorizing via signed-in user
[info] 
     ######## #### ########  ######## ########     ###     ######  ########
     ##        ##  ##     ## ##       ##     ##  ##   ##  ##       ##
     ######    ##  ########  ######   ########  #########  ######  ######
     ##        ##  ##    ##  ##       ##     ## ##     ##       ## ##
     ##       #### ##     ## ######## ########  ##     ##  ######  ########

You're about to initialize a Firebase project in this directory:

  C:\Users\efari\OneDrive\Documents\Bootcamp\bootcamp\projects\project-Five

[info] 
=== Project Setup
[info] 
[info] First, let's associate this project directory with a Firebase project.
[info] You can create multiple project aliases by running firebase use --add, 
[info] but for now we'll just set up a default project.
[info] 
[debug] [2018-05-16T20:44:57.691Z] > refreshing access token with scopes: ["email","https://www.googleapis.com/auth/cloudplatformprojects.readonly","https://www.googleapis.com/auth/firebase","openid"]
[debug] [2018-05-16T20:44:57.691Z] >>> HTTP REQUEST POST https://www.googleapis.com/oauth2/v3/token  
 { refresh_token: '1/1LOSsdIrqCmdqaz78gCknD8YV6Bk1BKwE5cUYgjFYQg',
  client_id: '563584335869-fgrhgmd47bqnekij5i8b5pr03ho849e6.apps.googleusercontent.com',
  client_secret: 'j9iVZfS8kkCEFUPaAeJV0sAi',
  grant_type: 'refresh_token',
  scope: 'email https://www.googleapis.com/auth/cloudplatformprojects.readonly https://www.googleapis.com/auth/firebase openid' } 
 Wed May 16 2018 16:44:57 GMT-0400 (Eastern Daylight Time)
[debug] [2018-05-16T20:44:57.972Z] <<< HTTP RESPONSE 200
[debug] [2018-05-16T20:44:58.028Z] >>> HTTP REQUEST GET https://admin.firebase.com/v1/projects  
  
 Wed May 16 2018 16:44:58 GMT-0400 (Eastern Daylight Time)
[debug] [2018-05-16T20:44:58.601Z] <<< HTTP RESPONSE 200
[info] 
=== Hosting Setup
[info] 
[info] Your public directory is the folder (relative to your project directory) that
[info] will contain Hosting assets to be uploaded with firebase deploy. If you
[info] have a build process for your assets, use your build's output directory.
[info] 
[info] +  Wrote .//404.html
[debug] [2018-05-16T20:46:42.488Z] >>> HTTP REQUEST GET https://www.gstatic.com/firebasejs/releases.json  
  
 Wed May 16 2018 16:46:42 GMT-0400 (Eastern Daylight Time)
[debug] [2018-05-16T20:46:42.643Z] <<< HTTP RESPONSE 200
